0 info it worked if it ends with ok
1 verbose cli [ 'C:\\Program Files\\nodejs\\node.exe',
1 verbose cli   'C:\\Program Files\\nodejs\\node_modules\\npm\\bin\\npm-cli.js',
1 verbose cli   'publish' ]
2 info using npm@3.10.3
3 info using node@v6.6.0
4 verbose publish [ '.' ]
5 verbose stack Error: Invalid name: "yongc.programmer/typedoc"
5 verbose stack     at ensureValidName (C:\Users\yong\AppData\Roaming\nvm\v6.6.0\node_modules\npm\node_modules\normalize-package-data\lib\fixer.js:336:15)
5 verbose stack     at Object.fixNameField (C:\Users\yong\AppData\Roaming\nvm\v6.6.0\node_modules\npm\node_modules\normalize-package-data\lib\fixer.js:215:5)
5 verbose stack     at C:\Users\yong\AppData\Roaming\nvm\v6.6.0\node_modules\npm\node_modules\normalize-package-data\lib\normalize.js:32:38
5 verbose stack     at Array.forEach (native)
5 verbose stack     at normalize (C:\Users\yong\AppData\Roaming\nvm\v6.6.0\node_modules\npm\node_modules\normalize-package-data\lib\normalize.js:31:15)
5 verbose stack     at final (C:\Users\yong\AppData\Roaming\nvm\v6.6.0\node_modules\npm\node_modules\read-package-json\read-json.js:349:5)
5 verbose stack     at then (C:\Users\yong\AppData\Roaming\nvm\v6.6.0\node_modules\npm\node_modules\read-package-json\read-json.js:124:5)
5 verbose stack     at C:\Users\yong\AppData\Roaming\nvm\v6.6.0\node_modules\npm\node_modules\read-package-json\read-json.js:311:12
5 verbose stack     at C:\Users\yong\AppData\Roaming\nvm\v6.6.0\node_modules\npm\node_modules\graceful-fs\graceful-fs.js:78:16
5 verbose stack     at tryToString (fs.js:455:3)
6 verbose cwd C:\Users\yong\Documents\GitHub\typedoc
7 error Windows_NT 10.0.10240
8 error argv "C:\\Program Files\\nodejs\\node.exe" "C:\\Program Files\\nodejs\\node_modules\\npm\\bin\\npm-cli.js" "publish"
9 error node v6.6.0
10 error npm  v3.10.3
11 error Invalid name: "yongc.programmer/typedoc"
12 error If you need help, you may report this error at:
12 error     <https://github.com/npm/npm/issues>
13 verbose exit [ 1, true ]
